<?xml version="1.0" encoding="UTF-8"?>
<testng-results skipped="0" failed="0" total="0" passed="0">
  <reporter-output>
  </reporter-output>
  <suite name="Advance_selenium.com.Opencart_Advance.AppTest" duration-ms="5" started-at="2018-02-07T12:33:15Z" finished-at="2018-02-07T12:33:15Z">
    <groups>
    </groups>
    <test name="Command line test" duration-ms="5" started-at="2018-02-07T12:33:15Z" finished-at="2018-02-07T12:33:15Z">
    </test> <!-- Command line test -->
  </suite> <!-- Advance_selenium.com.Opencart_Advance.AppTest -->
</testng-results>
