<?xml version="1.0" encoding="UTF-8"?>
<testng-results skipped="0" failed="0" ignored="0" total="1" passed="1">
  <reporter-output>
  </reporter-output>
  <suite name="Suite" duration-ms="226" started-at="2018-02-08T09:10:49Z" finished-at="2018-02-08T09:10:49Z">
    <groups>
    </groups>
    <test name="Test" duration-ms="226" started-at="2018-02-08T09:10:49Z" finished-at="2018-02-08T09:10:49Z">
      <class name="Advance_selenium.com.Opencart_Advance.test1">
        <test-method status="PASS" signature="Test1()[pri:0, instance:Advance_selenium.com.Opencart_Advance.test1@3bd40a57]" name="Test1" duration-ms="16" started-at="2018-02-08T14:40:49Z" finished-at="2018-02-08T14:40:49Z">
          <reporter-output>
          </reporter-output>
        </test-method> <!-- Test1 -->
      </class> <!-- Advance_selenium.com.Opencart_Advance.test1 -->
    </test> <!-- Test -->
  </suite> <!-- Suite -->
</testng-results>
